02:04:27 **** Incremental Build of configuration Debug for project I2C_M_send_S_rec ****
make all 
Building file: ../Lib/I2C/I2C.c
Invoking: AVR Compiler
avr-gcc -Wall -g2 -gdwarf-2 -O0 -fpack-struct -fshort-enums -ffunction-sections -fdata-sections -std=gnu99 -funsigned-char -funsigned-bitfields -mmcu=atmega32 -DF_CPU=1000000UL -MMD -MP -MF"Lib/I2C/I2C.d" -MT"Lib/I2C/I2C.o" -c -o "Lib/I2C/I2C.o" "../Lib/I2C/I2C.c"
Finished building: ../Lib/I2C/I2C.c
 
Building file: ../main.c
Invoking: AVR Compiler
avr-gcc -Wall -g2 -gdwarf-2 -O0 -fpack-struct -fshort-enums -ffunction-sections -fdata-sections -std=gnu99 -funsigned-char -funsigned-bitfields -mmcu=atmega32 -DF_CPU=1000000UL -MMD -MP -MF"main.d" -MT"main.o" -c -o "main.o" "../main.c"
In file included from ../main.c:18:
c:/winavr/lib/gcc/../../avr/include/util/delay.h:90:3: warning: #warning "Compiler optimizations disabled; functions from <util/delay.h> won't work as designed"
Finished building: ../main.c
 
Building target: I2C_M_send_S_rec.elf
Invoking: AVR C Linker
avr-gcc -Wl,-Map,I2C_M_send_S_rec.map -mmcu=atmega32 -o "I2C_M_send_S_rec.elf" ./Lib/UART/UART.o  ./Lib/S_seg/S_seg.o  ./Lib/PushButton/PushButton.o  ./Lib/LED_MATRIX/LED_MATRIX.o  ./Lib/LCD/LCD.o  ./Lib/KeyPad/KeyPad.o  ./Lib/I2C/I2C.o  ./Lib/GPIO/GPIO.o  ./main.o   
Finished building target: I2C_M_send_S_rec.elf
 
Invoking: AVR Create Extended Listing
avr-objdump -h -S I2C_M_send_S_rec.elf  >"I2C_M_send_S_rec.lss"
Finished building: I2C_M_send_S_rec.lss
 
Create Flash image (ihex format)
avr-objcopy -R .eeprom -R .fuse -R .lock -R .signature -O ihex I2C_M_send_S_rec.elf  "I2C_M_send_S_rec.hex"
Finished building: I2C_M_send_S_rec.hex
 
Invoking: Print Size
avr-size --format=avr --mcu=atmega32 I2C_M_send_S_rec.elf
AVR Memory Usage
----------------
Device: atmega32

Program:   10922 bytes (33.3% Full)
(.text + .data + .bootloader)

Data:         84 bytes (4.1% Full)
(.data + .bss + .noinit)


Finished building: sizedummy
 

02:04:28 Build Finished. 0 errors, 1 warnings. (took 796ms)

