01:31:36 **** Incremental Build of configuration Debug for project I2C_Master ****
make all 
Building file: ../main.c
Invoking: AVR Compiler
avr-gcc -Wall -g2 -gdwarf-2 -O0 -fpack-struct -fshort-enums -ffunction-sections -fdata-sections -std=gnu99 -funsigned-char -funsigned-bitfields -mmcu=atmega32 -DF_CPU=1000000UL -MMD -MP -MF"main.d" -MT"main.o" -c -o "main.o" "../main.c"
In file included from ../main.c:18:
c:/winavr/lib/gcc/../../avr/include/util/delay.h:90:3: warning: #warning "Compiler optimizations disabled; functions from <util/delay.h> won't work as designed"
Finished building: ../main.c
 
Building target: I2C_Master.elf
Invoking: AVR C Linker
avr-gcc -Wl,-Map,I2C_Master.map -mmcu=atmega32 -o "I2C_Master.elf" ./Lib/I2C/I2C.o  ./Lib/GPIO/GPIO.o  ./main.o   
Finished building target: I2C_Master.elf
 
Invoking: AVR Create Extended Listing
avr-objdump -h -S I2C_Master.elf  >"I2C_Master.lss"
Finished building: I2C_Master.lss
 
Create Flash image (ihex format)
avr-objcopy -R .eeprom -R .fuse -R .lock -R .signature -O ihex I2C_Master.elf  "I2C_Master.hex"
Finished building: I2C_Master.hex
 
Invoking: Print Size
avr-size --format=avr --mcu=atmega32 I2C_Master.elf
AVR Memory Usage
----------------
Device: atmega32

Program:    4862 bytes (14.8% Full)
(.text + .data + .bootloader)

Data:          8 bytes (0.4% Full)
(.data + .bss + .noinit)


Finished building: sizedummy
 

01:31:37 Build Finished. 0 errors, 1 warnings. (took 594ms)

