03:38:14 **** Incremental Build of configuration Debug for project I2C_M_rec_S_send ****
make all 
Building file: ../main.c
Invoking: AVR Compiler
avr-gcc -Wall -g2 -gdwarf-2 -O0 -fpack-struct -fshort-enums -ffunction-sections -fdata-sections -std=gnu99 -funsigned-char -funsigned-bitfields -mmcu=atmega16 -DF_CPU=1000000UL -MMD -MP -MF"main.d" -MT"main.o" -c -o "main.o" "../main.c"
In file included from ../main.c:12:
c:/winavr/lib/gcc/../../avr/include/util/delay.h:90:3: warning: #warning "Compiler optimizations disabled; functions from <util/delay.h> won't work as designed"
../main.c: In function 'main':
../main.c:46: warning: unused variable 'temp'
Finished building: ../main.c
 
Building target: I2C_M_rec_S_send.elf
Invoking: AVR C Linker
avr-gcc -Wl,-Map,I2C_M_rec_S_send.map -mmcu=atmega16 -o "I2C_M_rec_S_send.elf" ./Lib/I2C/I2C.o  ./Lib/GPIO/GPIO.o  ./main.o   
Finished building target: I2C_M_rec_S_send.elf
 
Invoking: AVR Create Extended Listing
avr-objdump -h -S I2C_M_rec_S_send.elf  >"I2C_M_rec_S_send.lss"
Finished building: I2C_M_rec_S_send.lss
 
Invoking: Print Size
avr-size --format=avr --mcu=atmega16 I2C_M_rec_S_send.elf
AVR Memory Usage
----------------
Device: atmega16

Program:    4824 bytes (29.4% Full)
(.text + .data + .bootloader)

Data:          8 bytes (0.8% Full)
(.data + .bss + .noinit)


Finished building: sizedummy
 

03:38:14 Build Finished. 0 errors, 2 warnings. (took 545ms)

