2023-02-26 13:21:25,801 [INFO] Activator:177 - 


2023-02-26 13:21:25,801 [INFO] Activator:178 - !SESSION log4j initialized
2023-02-26 13:22:23,963 [INFO] McuFinderGlobals:44 - Set McuFinder mode to 2 (CubeIDE integrated)
2023-02-26 13:22:24,195 [INFO] ApplicationProperties:181 - Using Application install path: C:\ST\STM32CubeIDE_1.10.1\STM32CubeIDE\plugins\com.st.stm32cube.common.mx_6.6.1.202207061420
2023-02-26 13:22:24,207 [INFO] DbMcusXml:77 - Set database path to: C:\ST\STM32CubeIDE_1.10.1\STM32CubeIDE\plugins\com.st.stm32cube.common.mx_6.6.1.202207061420\\db\/mcu/
2023-02-26 13:22:24,207 [INFO] ApiDb:269 - Set plugin database path to: C:\ST\STM32CubeIDE_1.10.1\STM32CubeIDE\plugins\com.st.stm32cube.common.mx_6.6.1.202207061420\\db\/plugins/boardmanager/
2023-02-26 13:22:24,223 [WARN] ApiDb:254 - Overriding images path with different value:  => C:\ST\STM32CubeIDE_1.10.1\STM32CubeIDE\plugins\com.st.stm32cube.common.mx_6.6.1.202207061420\\db\/plugins/mcufinder/images/
2023-02-26 13:22:24,227 [INFO] ApiDb:249 - Set database path to: C:\Users\MAshr\.stmcufinder\plugins\mcufinder//mcu/
2023-02-26 13:22:24,239 [INFO] DbMcusAds:124 - Set database path to: C:\Users\MAshr\.stmcufinder\plugins\mcufinder//mcu/
2023-02-26 13:22:24,255 [INFO] CrossReferenceDbSqlite:201 - Set database path to: C:\Users\MAshr\.stmcufinder\plugins\mcufinder//mcu/cs/
2023-02-26 13:22:24,366 [INFO] RulesReader:61 - Compatibility file has been processed (282 Rules)
2023-02-26 13:22:24,429 [INFO] DbMcusXml:77 - Set database path to: C:\ST\STM32CubeIDE_1.10.1\STM32CubeIDE\plugins\com.st.stm32cube.common.mx_6.6.1.202207061420\\db\/mcu/
2023-02-26 13:22:24,429 [INFO] ApiDb:269 - Set plugin database path to: C:\ST\STM32CubeIDE_1.10.1\STM32CubeIDE\plugins\com.st.stm32cube.common.mx_6.6.1.202207061420\\db\/plugins/boardmanager/
2023-02-26 13:22:24,429 [INFO] ApiDb:256 - Set plugin images path to: C:\ST\STM32CubeIDE_1.10.1\STM32CubeIDE\plugins\com.st.stm32cube.common.mx_6.6.1.202207061420\\db\/plugins/mcufinder/images/
2023-02-26 13:22:24,434 [WARN] DbFile:40 - Overriding database path with different value: C:\Users\MAshr\.stmcufinder\plugins\mcufinder/ => C:\Users\MAshr\.stmcufinder\plugins\mcufinder
2023-02-26 13:22:24,434 [INFO] ApiDb:249 - Set database path to: C:\Users\MAshr\.stmcufinder\plugins\mcufinder//mcu/
2023-02-26 13:22:24,434 [WARN] DbFile:40 - Overriding database path with different value: C:\Users\MAshr\.stmcufinder\plugins\mcufinder/ => C:\Users\MAshr\.stmcufinder\plugins\mcufinder
2023-02-26 13:22:24,434 [INFO] DbMcusAds:124 - Set database path to: C:\Users\MAshr\.stmcufinder\plugins\mcufinder//mcu/
2023-02-26 13:22:24,434 [WARN] DbFile:40 - Overriding database path with different value: C:\Users\MAshr\.stmcufinder\plugins\mcufinder/ => C:\Users\MAshr\.stmcufinder\plugins\mcufinder
2023-02-26 13:22:24,434 [WARN] DbFile:40 - Overriding database path with different value: C:\Users\MAshr\.stmcufinder\plugins\mcufinder/ => C:\Users\MAshr\.stmcufinder\plugins\mcufinder
2023-02-26 13:22:24,434 [INFO] CrossReferenceDbSqlite:201 - Set database path to: C:\Users\MAshr\.stmcufinder\plugins\mcufinder//mcu/cs/
2023-02-26 13:22:24,525 [INFO] MainPanel:242 - HeapMemory: 389021696
2023-02-26 13:22:24,633 [INFO] DbMcusXml:77 - Set database path to: C:\ST\STM32CubeIDE_1.10.1\STM32CubeIDE\plugins\com.st.stm32cube.common.mx_6.6.1.202207061420\\db\/mcu/
2023-02-26 13:22:24,633 [INFO] ApiDb:269 - Set plugin database path to: C:\ST\STM32CubeIDE_1.10.1\STM32CubeIDE\plugins\com.st.stm32cube.common.mx_6.6.1.202207061420\\db\/plugins/boardmanager/
2023-02-26 13:22:24,633 [INFO] ApiDb:256 - Set plugin images path to: C:\ST\STM32CubeIDE_1.10.1\STM32CubeIDE\plugins\com.st.stm32cube.common.mx_6.6.1.202207061420\\db\/plugins/mcufinder/images/
2023-02-26 13:22:24,633 [WARN] DbFile:40 - Overriding database path with different value: C:\Users\MAshr\.stmcufinder\plugins\mcufinder/ => C:\Users\MAshr\.stmcufinder\plugins\mcufinder
2023-02-26 13:22:24,633 [INFO] ApiDb:249 - Set database path to: C:\Users\MAshr\.stmcufinder\plugins\mcufinder//mcu/
2023-02-26 13:22:24,633 [WARN] DbFile:40 - Overriding database path with different value: C:\Users\MAshr\.stmcufinder\plugins\mcufinder/ => C:\Users\MAshr\.stmcufinder\plugins\mcufinder
2023-02-26 13:22:24,633 [INFO] DbMcusAds:124 - Set database path to: C:\Users\MAshr\.stmcufinder\plugins\mcufinder//mcu/
2023-02-26 13:22:24,633 [WARN] DbFile:40 - Overriding database path with different value: C:\Users\MAshr\.stmcufinder\plugins\mcufinder/ => C:\Users\MAshr\.stmcufinder\plugins\mcufinder
2023-02-26 13:22:24,633 [WARN] DbFile:40 - Overriding database path with different value: C:\Users\MAshr\.stmcufinder\plugins\mcufinder/ => C:\Users\MAshr\.stmcufinder\plugins\mcufinder
2023-02-26 13:22:24,633 [INFO] CrossReferenceDbSqlite:201 - Set database path to: C:\Users\MAshr\.stmcufinder\plugins\mcufinder//mcu/cs/
2023-02-26 13:22:24,657 [INFO] ApplicationProperties:181 - Using Application install path: C:\ST\STM32CubeIDE_1.10.1\STM32CubeIDE\plugins\com.st.stm32cube.common.mx_6.6.1.202207061420
2023-02-26 13:22:24,657 [INFO] PluginManage:193 - Search for loadable plugins [exclusion list=, ]
2023-02-26 13:22:24,657 [INFO] PluginManage:307 - Check plugin analytics
2023-02-26 13:22:24,836 [INFO] AnalyticsPlugin:262 - Accepted Software Licenses: 
2023-02-26 13:22:24,838 [INFO] AnalyticsPlugin:264 - Accepted CMSIS Pack Licenses: 
2023-02-26 13:22:24,838 [INFO] AnalyticsPlugin:266 - Accepted Firmware Licenses: 
2023-02-26 13:22:24,845 [INFO] PluginManage:356 - Loaded plugin analytics (category:tool,tabindex:-1)
2023-02-26 13:22:24,845 [INFO] PluginManage:307 - Check plugin cadmodel
2023-02-26 13:22:24,849 [INFO] CADModel:65 - Init CAD model plugin
2023-02-26 13:22:24,849 [INFO] PluginManage:356 - Loaded plugin cadmodel (category:power,tabindex:5)
2023-02-26 13:22:24,849 [INFO] PluginManage:307 - Check plugin clock
2023-02-26 13:22:24,870 [INFO] PluginManage:356 - Loaded plugin clock (category:base,tabindex:2)
2023-02-26 13:22:24,871 [INFO] PluginManage:307 - Check plugin ddr
2023-02-26 13:22:24,875 [INFO] PluginManage:356 - Loaded plugin ddr (category:tool,tabindex:6)
2023-02-26 13:22:24,875 [INFO] PluginManage:307 - Check plugin filemanager
2023-02-26 13:22:25,008 [INFO] PluginManage:356 - Loaded plugin filemanager (category:base,tabindex:10)
2023-02-26 13:22:25,008 [INFO] PluginManage:307 - Check plugin ipmanager
2023-02-26 13:22:25,013 [INFO] PluginManage:356 - Loaded plugin ipmanager (category:base,tabindex:5)
2023-02-26 13:22:25,013 [INFO] PluginManage:307 - Check plugin lpbam
2023-02-26 13:22:25,032 [INFO] PluginManage:356 - Loaded plugin lpbam (category:base,tabindex:0)
2023-02-26 13:22:25,032 [INFO] PluginManage:307 - Check plugin pinoutandconfiguration
2023-02-26 13:22:25,057 [INFO] PluginManage:356 - Loaded plugin pinoutandconfiguration (category:base,tabindex:1)
2023-02-26 13:22:25,057 [INFO] PluginManage:307 - Check plugin pinoutconfig
2023-02-26 13:22:25,083 [INFO] PluginManage:356 - Loaded plugin pinoutconfig (category:base,tabindex:0)
2023-02-26 13:22:25,083 [INFO] PluginManage:307 - Check plugin power
2023-02-26 13:22:25,098 [INFO] PluginManage:356 - Loaded plugin power (category:power,tabindex:4)
2023-02-26 13:22:25,098 [INFO] PluginManage:307 - Check plugin projectmanager
2023-02-26 13:22:25,116 [INFO] PluginManage:356 - Loaded plugin projectmanager (category:projectmanager,tabindex:3)
2023-02-26 13:22:25,116 [INFO] PluginManage:307 - Check plugin thirdparty
2023-02-26 13:22:25,235 [INFO] PluginManage:356 - Loaded plugin thirdparty (category:base,tabindex:-1)
2023-02-26 13:22:25,235 [INFO] PluginManage:307 - Check plugin tools
2023-02-26 13:22:25,235 [WARN] IntegrityCheckThread:82 - waiting for thirdparty lock release [integrity check]
2023-02-26 13:22:25,235 [INFO] IntegrityCheckThread:84 - entering critical section [integrity check]
2023-02-26 13:22:25,241 [INFO] ThirdPartyUpdaterWithRetryManager:70 - Updater plugin not ready yet. [1/15]
2023-02-26 13:22:25,241 [INFO] PluginManage:356 - Loaded plugin tools (category:base,tabindex:7)
2023-02-26 13:22:25,241 [INFO] PluginManage:307 - Check plugin tutovideos
2023-02-26 13:22:25,458 [INFO] PluginManage:356 - Loaded plugin tutovideos (category:base,tabindex:-1)
2023-02-26 13:22:25,458 [INFO] PluginManage:307 - Check plugin updater
2023-02-26 13:22:25,475 [INFO] PluginManage:356 - Loaded plugin updater (category:base,tabindex:12)
2023-02-26 13:22:25,475 [INFO] PluginManage:280 - PluginManage : Loaded plugins [15]
2023-02-26 13:22:25,775 [INFO] PinOutPanel:1468 - setPackage(No Configuration,No Configuration)
2023-02-26 13:22:25,835 [INFO] CADModel:98 - CPN selected for project level
2023-02-26 13:22:25,848 [INFO] IPUIPlugin:79 - create IPUIPlugin
2023-02-26 13:22:25,855 [INFO] PluginManager:217 - loadIPPluginJar : add adc
2023-02-26 13:22:25,857 [INFO] IPUIPlugin:79 - create IPUIPlugin
2023-02-26 13:22:25,857 [INFO] PluginManager:217 - loadIPPluginJar : add aes
2023-02-26 13:22:25,859 [INFO] IPUIPlugin:79 - create IPUIPlugin
2023-02-26 13:22:25,859 [INFO] PluginManager:217 - loadIPPluginJar : add can
2023-02-26 13:22:25,868 [INFO] IPUIPlugin:79 - create IPUIPlugin
2023-02-26 13:22:25,868 [INFO] PluginManager:217 - loadIPPluginJar : add comp
2023-02-26 13:22:25,871 [INFO] IPUIPlugin:79 - create IPUIPlugin
2023-02-26 13:22:25,871 [INFO] PluginManager:217 - loadIPPluginJar : add cryp
2023-02-26 13:22:25,873 [INFO] IPUIPlugin:79 - create IPUIPlugin
2023-02-26 13:22:25,873 [INFO] PluginManager:217 - loadIPPluginJar : add dfsdm
2023-02-26 13:22:25,879 [INFO] IPUIPlugin:79 - create IPUIPlugin
2023-02-26 13:22:25,879 [INFO] PluginManager:217 - loadIPPluginJar : add dma
2023-02-26 13:22:25,882 [INFO] IPUIPlugin:79 - create IPUIPlugin
2023-02-26 13:22:25,884 [INFO] PluginManager:217 - loadIPPluginJar : add dma3
2023-02-26 13:22:25,884 [INFO] IPUIPlugin:79 - create IPUIPlugin
2023-02-26 13:22:25,884 [INFO] PluginManager:217 - loadIPPluginJar : add fatfs
2023-02-26 13:22:25,887 [INFO] IPUIPlugin:79 - create IPUIPlugin
2023-02-26 13:22:25,887 [INFO] PluginManager:217 - loadIPPluginJar : add fmc
2023-02-26 13:22:25,896 [INFO] IPUIPlugin:79 - create IPUIPlugin
2023-02-26 13:22:25,896 [INFO] PluginManager:217 - loadIPPluginJar : add freertos
2023-02-26 13:22:25,896 [INFO] IPUIPlugin:79 - create IPUIPlugin
2023-02-26 13:22:25,896 [INFO] PluginManager:217 - loadIPPluginJar : add genericplugin
2023-02-26 13:22:25,901 [INFO] IPUIPlugin:79 - create IPUIPlugin
2023-02-26 13:22:25,901 [INFO] PluginManager:217 - loadIPPluginJar : add gfxmmu
2023-02-26 13:22:25,907 [INFO] IPUIPlugin:79 - create IPUIPlugin
2023-02-26 13:22:25,907 [INFO] PluginManager:217 - loadIPPluginJar : add gic
2023-02-26 13:22:25,913 [INFO] IPUIPlugin:79 - create IPUIPlugin
2023-02-26 13:22:25,913 [INFO] PluginManager:217 - loadIPPluginJar : add gpio
2023-02-26 13:22:25,916 [INFO] IPUIPlugin:79 - create IPUIPlugin
2023-02-26 13:22:25,916 [INFO] PluginManager:217 - loadIPPluginJar : add gtzc
2023-02-26 13:22:25,918 [INFO] IPUIPlugin:79 - create IPUIPlugin
2023-02-26 13:22:25,920 [INFO] PluginManager:217 - loadIPPluginJar : add hash
2023-02-26 13:22:25,922 [INFO] IPUIPlugin:79 - create IPUIPlugin
2023-02-26 13:22:25,922 [INFO] PluginManager:217 - loadIPPluginJar : add i2c
2023-02-26 13:22:25,924 [INFO] IPUIPlugin:79 - create IPUIPlugin
2023-02-26 13:22:25,924 [INFO] PluginManager:217 - loadIPPluginJar : add i2s
2023-02-26 13:22:25,927 [INFO] IPUIPlugin:79 - create IPUIPlugin
2023-02-26 13:22:25,930 [INFO] PluginManager:217 - loadIPPluginJar : add ipddr
2023-02-26 13:22:25,934 [INFO] IPUIPlugin:79 - create IPUIPlugin
2023-02-26 13:22:25,934 [INFO] PluginManager:217 - loadIPPluginJar : add linkedlist
2023-02-26 13:22:25,945 [INFO] IPUIPlugin:79 - create IPUIPlugin
2023-02-26 13:22:25,945 [INFO] PluginManager:217 - loadIPPluginJar : add lorawan
2023-02-26 13:22:25,945 [INFO] IPUIPlugin:79 - create IPUIPlugin
2023-02-26 13:22:25,945 [INFO] PluginManager:217 - loadIPPluginJar : add ltdc
2023-02-26 13:22:25,950 [INFO] IPUIPlugin:79 - create IPUIPlugin
2023-02-26 13:22:25,950 [INFO] PluginManager:217 - loadIPPluginJar : add mdma
2023-02-26 13:22:25,950 [INFO] IPUIPlugin:79 - create IPUIPlugin
2023-02-26 13:22:25,950 [INFO] PluginManager:217 - loadIPPluginJar : add nvic
2023-02-26 13:22:25,950 [INFO] IPUIPlugin:79 - create IPUIPlugin
2023-02-26 13:22:25,950 [INFO] PluginManager:217 - loadIPPluginJar : add opamp
2023-02-26 13:22:25,950 [INFO] IPUIPlugin:79 - create IPUIPlugin
2023-02-26 13:22:25,950 [INFO] PluginManager:217 - loadIPPluginJar : add openamp
2023-02-26 13:22:25,950 [INFO] IPUIPlugin:79 - create IPUIPlugin
2023-02-26 13:22:25,950 [INFO] PluginManager:217 - loadIPPluginJar : add pdm2pcm
2023-02-26 13:22:25,966 [INFO] IPUIPlugin:79 - create IPUIPlugin
2023-02-26 13:22:25,966 [INFO] PluginManager:217 - loadIPPluginJar : add plateformsettings
2023-02-26 13:22:25,973 [INFO] IPUIPlugin:79 - create IPUIPlugin
2023-02-26 13:22:25,973 [INFO] PluginManager:217 - loadIPPluginJar : add quadspi
2023-02-26 13:22:25,973 [INFO] IPUIPlugin:79 - create IPUIPlugin
2023-02-26 13:22:25,973 [INFO] PluginManager:217 - loadIPPluginJar : add resmgrutility
2023-02-26 13:22:25,973 [INFO] IPUIPlugin:79 - create IPUIPlugin
2023-02-26 13:22:25,973 [INFO] PluginManager:217 - loadIPPluginJar : add sai
2023-02-26 13:22:25,982 [INFO] IPUIPlugin:79 - create IPUIPlugin
2023-02-26 13:22:25,982 [INFO] PluginManager:217 - loadIPPluginJar : add spi
2023-02-26 13:22:25,982 [INFO] IPUIPlugin:79 - create IPUIPlugin
2023-02-26 13:22:25,982 [INFO] PluginManager:217 - loadIPPluginJar : add stm32_wpan
2023-02-26 13:22:25,982 [INFO] IPUIPlugin:79 - create IPUIPlugin
2023-02-26 13:22:25,982 [INFO] PluginManager:217 - loadIPPluginJar : add tim
2023-02-26 13:22:25,982 [INFO] IPUIPlugin:79 - create IPUIPlugin
2023-02-26 13:22:25,982 [INFO] PluginManager:217 - loadIPPluginJar : add touchsensing
2023-02-26 13:22:25,982 [INFO] IPUIPlugin:79 - create IPUIPlugin
2023-02-26 13:22:25,982 [INFO] PluginManager:217 - loadIPPluginJar : add tracer_emb
2023-02-26 13:22:25,982 [INFO] IPUIPlugin:79 - create IPUIPlugin
2023-02-26 13:22:25,982 [INFO] PluginManager:217 - loadIPPluginJar : add ts
2023-02-26 13:22:25,998 [INFO] IPUIPlugin:79 - create IPUIPlugin
2023-02-26 13:22:25,998 [INFO] PluginManager:217 - loadIPPluginJar : add tsc
2023-02-26 13:22:25,998 [INFO] IPUIPlugin:79 - create IPUIPlugin
2023-02-26 13:22:25,998 [INFO] PluginManager:217 - loadIPPluginJar : add ucpd
2023-02-26 13:22:25,998 [INFO] IPUIPlugin:79 - create IPUIPlugin
2023-02-26 13:22:25,998 [INFO] PluginManager:217 - loadIPPluginJar : add usart
2023-02-26 13:22:25,998 [INFO] IPUIPlugin:79 - create IPUIPlugin
2023-02-26 13:22:25,998 [INFO] PluginManager:217 - loadIPPluginJar : add usbx
2023-02-26 13:22:26,259 [FATAL] Updater:301 - Updater called before beeing initialized
2023-02-26 13:22:26,345 [FATAL] Updater:301 - Updater called before beeing initialized
2023-02-26 13:22:26,360 [INFO] DbMcusAds:52 - JSON generation date=Thu Sep 30 08:55:09 EET 2021 (1632984909377)
2023-02-26 13:22:26,360 [FATAL] Updater:301 - Updater called before beeing initialized
2023-02-26 13:22:26,391 [WARN] DetailPanel:344 - Failed to get advertising image, set to default
2023-02-26 13:22:26,501 [FATAL] Updater:301 - Updater called before beeing initialized
2023-02-26 13:22:26,501 [FATAL] Updater:301 - Updater called before beeing initialized
2023-02-26 13:22:26,501 [FATAL] Updater:301 - Updater called before beeing initialized
2023-02-26 13:22:26,501 [WARN] DetailPanel:344 - Failed to get advertising image, set to default
2023-02-26 13:22:26,501 [FATAL] Updater:301 - Updater called before beeing initialized
2023-02-26 13:22:26,548 [ERROR] Updater:1105 - MainUpdater not yet initialized. External WinMGr cannot be set.
2023-02-26 13:22:26,549 [INFO] Updater:1041 - Updater Version found : 6.6.1
2023-02-26 13:22:26,565 [INFO] ApplicationProperties:181 - Using Application install path: C:\ST\STM32CubeIDE_1.10.1\STM32CubeIDE\plugins\com.st.stm32cube.common.mx_6.6.1.202207061420
2023-02-26 13:22:26,954 [INFO] MainUpdater:2768 - connection check result : 10
2023-02-26 13:22:26,955 [INFO] MainUpdater:3453 - Updater definition file requires update
2023-02-26 13:22:26,955 [INFO] MainUpdater:280 - Updater Check For Update Now.
2023-02-26 13:22:26,955 [INFO] MicroXplorer:481 - Change Database Version : DB.6.0.60
2023-02-26 13:22:27,071 [INFO] ServerAccessManage:474 - Download File updaters.zip
2023-02-26 13:22:27,216 [INFO] FileExtend:239 - Unzip File : updaters.zip
2023-02-26 13:22:27,216 [INFO] FileExtend:254 - Standard Zip Deflate
2023-02-26 13:22:27,595 [INFO] ServerAccessManage:474 - Download File PacksControlFlags.xml
2023-02-26 13:22:27,720 [INFO] ServerAccessManage:474 - Download File cubemx.pidx
2023-02-26 13:22:28,075 [INFO] ServerAccessManage:474 - Download File STMicroelectronics.X-CUBE-AI.pdsc
2023-02-26 13:22:28,244 [WARN] MainUpdater:1184 - Updater busy. Cannot search thirdparties
2023-02-26 13:22:28,244 [INFO] ThirdPartyUpdaterWithRetryManager:96 - Updater plugin is busy. [1/15]
2023-02-26 13:22:29,933 [INFO] ServerAccessManage:474 - Download File STMicroelectronics.X-CUBE-BLE1.pdsc
2023-02-26 13:22:31,132 [ERROR] ServerAccessManage:1090 - Problem, file not found on Server
2023-02-26 13:22:31,242 [INFO] ServerAccessManage:474 - Download File STMicroelectronics.X-CUBE-BLEMGR.pdsc
2023-02-26 13:22:31,258 [WARN] MainUpdater:1184 - Updater busy. Cannot search thirdparties
2023-02-26 13:22:31,258 [INFO] ThirdPartyUpdaterWithRetryManager:96 - Updater plugin is busy. [2/15]
2023-02-26 13:22:31,765 [INFO] ServerAccessManage:474 - Download File STMicroelectronics.X-CUBE-DISPLAY.pdsc
2023-02-26 13:22:32,432 [INFO] ServerAccessManage:474 - Download File STMicroelectronics.X-CUBE-EEPRMA1.pdsc
2023-02-26 13:22:32,699 [ERROR] ServerAccessManage:1090 - Problem, file not found on Server
2023-02-26 13:22:33,125 [INFO] ServerAccessManage:474 - Download File STMicroelectronics.X-CUBE-ISPU.pdsc
2023-02-26 13:22:33,504 [INFO] ServerAccessManage:474 - Download File STMicroelectronics.X-CUBE-MEMS1.pdsc
2023-02-26 13:22:34,264 [WARN] MainUpdater:1184 - Updater busy. Cannot search thirdparties
2023-02-26 13:22:34,264 [INFO] ThirdPartyUpdaterWithRetryManager:96 - Updater plugin is busy. [3/15]
2023-02-26 13:22:35,641 [INFO] ServerAccessManage:474 - Download File STMicroelectronics.X-CUBE-NFC4.pdsc
2023-02-26 13:22:36,990 [INFO] ServerAccessManage:474 - Download File STMicroelectronics.X-CUBE-TOF1.pdsc
2023-02-26 13:22:37,268 [WARN] MainUpdater:1184 - Updater busy. Cannot search thirdparties
2023-02-26 13:22:37,268 [INFO] ThirdPartyUpdaterWithRetryManager:96 - Updater plugin is busy. [4/15]
2023-02-26 13:22:37,551 [ERROR] ServerAccessManage:1090 - Problem, file not found on Server
2023-02-26 13:22:37,740 [INFO] ServerAccessManage:474 - Download File STMicroelectronics.X-CUBE-TOUCHGFX.pdsc
2023-02-26 13:22:40,042 [INFO] ServerAccessManage:474 - Download File STMicroelectronics.X-CUBE-AZRTOS-H7.pdsc
2023-02-26 13:22:40,279 [WARN] MainUpdater:1184 - Updater busy. Cannot search thirdparties
2023-02-26 13:22:40,279 [INFO] ThirdPartyUpdaterWithRetryManager:96 - Updater plugin is busy. [5/15]
2023-02-26 13:22:40,787 [INFO] ServerAccessManage:474 - Download File STMicroelectronics.X-CUBE-AZRTOS-L5.pdsc
2023-02-26 13:22:41,226 [INFO] ServerAccessManage:474 - Download File STMicroelectronics.X-CUBE-AZRTOS-WB.pdsc
2023-02-26 13:22:41,509 [WARN] PackLoader:242 - Cannot read IP mode file for STMicroelectronics.X-CUBE-AI.8.0.0
2023-02-26 13:22:41,515 [WARN] PackLoader:242 - Cannot read IP mode file for STMicroelectronics.X-CUBE-BLE1.6.2.4
2023-02-26 13:22:41,515 [WARN] PackLoader:242 - Cannot read IP mode file for STMicroelectronics.X-CUBE-BLEMGR.1.3.0
2023-02-26 13:22:41,525 [WARN] PackLoader:242 - Cannot read IP mode file for STMicroelectronics.X-CUBE-DISPLAY.3.0.0
2023-02-26 13:22:41,541 [WARN] PackLoader:242 - Cannot read IP mode file for STMicroelectronics.X-CUBE-EEPRMA1.4.1.0
2023-02-26 13:22:41,541 [WARN] PackLoader:242 - Cannot read IP mode file for STMicroelectronics.X-CUBE-ISPU.1.1.0
2023-02-26 13:22:41,573 [WARN] PackLoader:242 - Cannot read IP mode file for STMicroelectronics.X-CUBE-MEMS1.9.5.0
2023-02-26 13:22:41,622 [INFO] CheckServerUpdateThread:119 - End of CheckServer Thread
2023-02-26 13:22:41,683 [WARN] PackLoader:242 - Cannot read IP mode file for STMicroelectronics.X-CUBE-NFC4.3.0.0
2023-02-26 13:22:41,683 [WARN] PackLoader:242 - Cannot read IP mode file for STMicroelectronics.X-CUBE-TOF1.3.2.0
2023-02-26 13:22:41,683 [WARN] PackLoader:242 - Cannot read IP mode file for STMicroelectronics.X-CUBE-TOUCHGFX.4.21.1
2023-02-26 13:22:41,699 [WARN] PackLoader:242 - Cannot read IP mode file for STMicroelectronics.X-CUBE-AZRTOS-H7.3.0.0
2023-02-26 13:22:41,715 [WARN] PackLoader:242 - Cannot read IP mode file for STMicroelectronics.X-CUBE-AZRTOS-L5.1.1.0
2023-02-26 13:22:41,715 [WARN] PackLoader:242 - Cannot read IP mode file for STMicroelectronics.X-CUBE-AZRTOS-WB.1.1.0
2023-02-26 13:22:41,715 [INFO] PopulateThirdPartyThread:64 - Ending populate Thread
2023-02-26 13:22:41,730 [INFO] ThirdParty:981 - CMSIS Pack Vendor :STMicroelectronics X-CUBE-ISPU 1.1.0
2023-02-26 13:22:41,730 [INFO] ThirdParty:981 - CMSIS Pack Vendor :STMicroelectronics X-CUBE-DISPLAY 3.0.0
2023-02-26 13:22:41,730 [INFO] ThirdParty:981 - CMSIS Pack Vendor :STMicroelectronics X-CUBE-BLEMGR 1.3.0
2023-02-26 13:22:41,730 [INFO] ThirdParty:981 - CMSIS Pack Vendor :STMicroelectronics X-CUBE-AZRTOS-WB 1.1.0
2023-02-26 13:22:41,730 [INFO] ThirdParty:981 - CMSIS Pack Vendor :STMicroelectronics X-CUBE-BLE1 6.2.4
2023-02-26 13:22:41,730 [INFO] ThirdParty:981 - CMSIS Pack Vendor :STMicroelectronics X-CUBE-AZRTOS-L5 1.1.0
2023-02-26 13:22:41,730 [INFO] ThirdParty:981 - CMSIS Pack Vendor :STMicroelectronics X-CUBE-NFC4 3.0.0
2023-02-26 13:22:41,730 [INFO] ThirdParty:981 - CMSIS Pack Vendor :STMicroelectronics X-CUBE-AI 8.0.0
2023-02-26 13:22:41,730 [INFO] ThirdParty:981 - CMSIS Pack Vendor :STMicroelectronics X-CUBE-TOUCHGFX 4.21.1
2023-02-26 13:22:41,730 [INFO] ThirdParty:981 - CMSIS Pack Vendor :STMicroelectronics X-CUBE-TOF1 3.2.0
2023-02-26 13:22:41,730 [INFO] ThirdParty:981 - CMSIS Pack Vendor :STMicroelectronics X-CUBE-EEPRMA1 4.1.0
2023-02-26 13:22:41,730 [INFO] ThirdParty:981 - CMSIS Pack Vendor :STMicroelectronics X-CUBE-AZRTOS-H7 3.0.0
2023-02-26 13:22:41,730 [INFO] ThirdParty:981 - CMSIS Pack Vendor :STMicroelectronics X-CUBE-MEMS1 9.5.0
2023-02-26 13:22:41,730 [INFO] LoadServerUpdatesThread:367 - End of LoadServerUpdate Thread
2023-02-26 13:22:41,746 [INFO] MainUpdater:2768 - connection check result : 10
2023-02-26 13:22:41,746 [INFO] McuFinderGlobals:57 - Set McuFinderConnectedMode to true
2023-02-26 13:22:42,110 [INFO] ServerAccessManage:474 - Download File mcusAds.json._tmp_
2023-02-26 13:22:42,226 [INFO] LoadUrlFilesThread:150 - End of LoadUrlFiles Thread
2023-02-26 13:22:42,439 [INFO] ServerAccessManage:474 - Download File cube-finder-db.zip
2023-02-26 13:22:43,292 [WARN] MainUpdater:1184 - Updater busy. Cannot search thirdparties
2023-02-26 13:22:43,292 [INFO] ThirdPartyUpdaterWithRetryManager:96 - Updater plugin is busy. [6/15]
2023-02-26 13:22:46,303 [WARN] MainUpdater:1184 - Updater busy. Cannot search thirdparties
2023-02-26 13:22:46,303 [INFO] ThirdPartyUpdaterWithRetryManager:96 - Updater plugin is busy. [7/15]
2023-02-26 13:22:49,313 [WARN] MainUpdater:1184 - Updater busy. Cannot search thirdparties
2023-02-26 13:22:49,313 [INFO] ThirdPartyUpdaterWithRetryManager:96 - Updater plugin is busy. [8/15]
2023-02-26 13:22:52,323 [WARN] MainUpdater:1184 - Updater busy. Cannot search thirdparties
2023-02-26 13:22:52,323 [INFO] ThirdPartyUpdaterWithRetryManager:96 - Updater plugin is busy. [9/15]
2023-02-26 13:22:52,360 [INFO] FileExtend:239 - Unzip File : cube-finder-db.zip
2023-02-26 13:22:52,360 [INFO] FileExtend:254 - Standard Zip Deflate
2023-02-26 13:22:52,830 [INFO] LoadUrlFilesThread:150 - End of LoadUrlFiles Thread
2023-02-26 13:22:53,145 [INFO] ServerAccessManage:474 - Download File crdb.zip
2023-02-26 13:22:53,511 [INFO] FileExtend:239 - Unzip File : crdb.zip
2023-02-26 13:22:53,511 [INFO] FileExtend:254 - Standard Zip Deflate
2023-02-26 13:22:53,637 [INFO] LoadUrlFilesThread:150 - End of LoadUrlFiles Thread
2023-02-26 13:22:53,718 [INFO] ServerAccessManage:474 - Download File tutoVideoDB.zip
2023-02-26 13:22:53,756 [INFO] FileExtend:239 - Unzip File : tutoVideoDB.zip
2023-02-26 13:22:53,756 [INFO] FileExtend:254 - Standard Zip Deflate
2023-02-26 13:22:53,871 [INFO] LoadUrlFilesThread:150 - End of LoadUrlFiles Thread
2023-02-26 13:22:53,871 [INFO] JxBrowserEngine:106 - Initiate JxBrowser Engine with user profile folder
2023-02-26 13:22:54,008 [ERROR] JxBrowserEngine:59 - Can't initiate JxBrowser engine com.teamdev.jxbrowser.engine.ChromiumBinariesExtractionException: Failed to extract Chromium binaries into C:\Users\MAshr\.stm32cubemx\.jxbrowser\Chromium
2023-02-26 13:22:54,008 [WARN] DbFile:40 - Overriding database path with different value: C:\Users\MAshr\.stmcufinder\plugins\mcufinder/ => C:\Users\MAshr\.stmcufinder\plugins\mcufinder
2023-02-26 13:22:54,077 [INFO] ServerAccessManage:474 - Download File api_config.json
2023-02-26 13:22:54,191 [INFO] LoadUrlFilesThread:150 - End of LoadUrlFiles Thread
2023-02-26 13:22:54,191 [INFO] DbMcusAds:52 - JSON generation date=Tue Feb 21 16:58:20 EET 2023 (1676991500156)
2023-02-26 13:22:54,463 [INFO] ServerAccessManage:474 - Download File 
2023-02-26 13:22:54,678 [INFO] LoadUrlFilesThread:177 - End of LoadServerUrlFiles without Thread
2023-02-26 13:22:54,678 [INFO] TargetSelectorAdapter:228 - Refresh data is successful
2023-02-26 13:22:54,743 [INFO] ApiDb:576 - Connected to CubeFinder SQLite database (C:\Users\MAshr\.stmcufinder\plugins\mcufinder\mcu\cube-finder-db.db)
2023-02-26 13:22:54,773 [INFO] ApiDb:663 - CubeFinder database Data Model version=2.1
2023-02-26 13:22:54,773 [INFO] ApiDb:664 - CubeFinder database Configuration version=3.0.35
2023-02-26 13:22:54,773 [INFO] ApiDb:665 - CubeFinder database generation date=2023-02-02 (1675320190)
2023-02-26 13:22:54,773 [INFO] ApiDb:666 - CubeFinder database FW Pack versions=[FP-ATR-ASTRA1_V1.1.1, STM32Cube_FW_C0_V1.0.1, STM32Cube_FW_F4_V1.27.1, STM32Cube_FW_F7_V1.17.0, STM32Cube_FW_G0_V1.6.1, STM32Cube_FW_G4_V1.5.0, STM32Cube_FW_H5_V0.5.1, STM32Cube_FW_H7_V1.11.0, STM32Cube_FW_L5_V1.5.0, STM32Cube_FW_U5_V1.1.1, STM32Cube_FW_WBA_V0.2.0, STM32Cube_FW_WB_V1.15.0, STM32Cube_FW_WB_V1.15.0RC1, STM32Cube_FW_WL_V1.3.0, X-CUBE-ALGOBUILD_V1.3.0, X-CUBE-ALS_V1.0.1, X-CUBE-AZRTOS-F4_V1.1.0, X-CUBE-AZRTOS-F7_V1.1.0, X-CUBE-AZRTOS-G0_V1.1.0, X-CUBE-AZRTOS-G4_V1.0.0, X-CUBE-AZRTOS-H7_V3.0.0, X-CUBE-AZRTOS-L4_V1.0.0, X-CUBE-AZRTOS-L5_V1.1.0, X-CUBE-AZRTOS-WB_V1.1.0, X-CUBE-AZRTOS-WL_V1.0.0, X-CUBE-BLE1_V6.2.4, X-CUBE-BLE2_V3.3.0, X-CUBE-BLEMGR_V1.3.0, X-CUBE-EEPRMA1_V4.1.0, X-CUBE-GNSS1_V6.0.0, X-CUBE-MEMS1_V9.1.0, X-CUBE-MEMS1_V9.3.0, X-CUBE-MEMS1_V9.4.0, X-CUBE-NFC4_V3.0.0, X-CUBE-NFC7_V1.0.0, X-CUBE-SFXS2LP1_V4.0.0, X-CUBE-SUBG2_V5.0.0]
2023-02-26 13:22:55,421 [WARN] PackLoader:242 - Cannot read IP mode file for STMicroelectronics.X-CUBE-GNSS1.6.0.0
2023-02-26 13:22:55,442 [WARN] PackLoader:242 - Cannot read IP mode file for STMicroelectronics.X-CUBE-AZRTOS-F4.1.1.0
2023-02-26 13:22:55,452 [WARN] PackLoader:242 - Cannot read IP mode file for STMicroelectronics.X-CUBE-BLEMGR.1.2.0
2023-02-26 13:22:55,470 [WARN] PackLoader:242 - Cannot read IP mode file for STMicroelectronics.X-CUBE-AZRTOS-F7.1.1.0
2023-02-26 13:22:55,484 [WARN] PackLoader:242 - Cannot read IP mode file for STMicroelectronics.X-CUBE-BLE1.6.2.3
2023-02-26 13:22:55,484 [WARN] PackLoader:242 - Cannot read IP mode file for STMicroelectronics.X-CUBE-BLE1.6.2.4
2023-02-26 13:22:55,484 [WARN] PackLoader:242 - Cannot read IP mode file for STMicroelectronics.X-CUBE-NFC4.2.0.4
2023-02-26 13:22:55,508 [WARN] PackLoader:242 - Cannot read IP mode file for STMicroelectronics.X-CUBE-TOF1.3.1.0
2023-02-26 13:22:55,508 [WARN] PackLoader:242 - Cannot read IP mode file for STMicroelectronics.X-CUBE-DISPLAY.3.0.0
2023-02-26 13:22:55,519 [WARN] PackLoader:242 - Cannot read IP mode file for STMicroelectronics.X-CUBE-NFC7.1.0.0
2023-02-26 13:22:55,547 [WARN] PackLoader:242 - Cannot read IP mode file for STMicroelectronics.X-CUBE-MEMS1.9.3.0
2023-02-26 13:22:55,594 [WARN] PackLoader:242 - Cannot read IP mode file for STMicroelectronics.X-CUBE-EEPRMA1.4.1.0
2023-02-26 13:22:55,612 [WARN] PackLoader:242 - Cannot read IP mode file for STMicroelectronics.X-CUBE-AI.7.2.0
2023-02-26 13:22:55,612 [WARN] PackLoader:242 - Cannot read IP mode file for STMicroelectronics.X-CUBE-SFXS2LP1.4.0.0
2023-02-26 13:22:55,628 [WARN] PackLoader:242 - Cannot read IP mode file for STMicroelectronics.X-CUBE-BLE2.3.3.0
2023-02-26 13:22:55,628 [WARN] PackLoader:242 - Cannot read IP mode file for STMicroelectronics.X-CUBE-DISPLAY.2.2.0
2023-02-26 13:22:55,641 [WARN] PackLoader:242 - Cannot read IP mode file for STMicroelectronics.X-CUBE-TOF1.3.2.0
2023-02-26 13:22:55,657 [WARN] PackLoader:242 - Cannot read IP mode file for STMicroelectronics.X-CUBE-AZRTOS-H7.3.0.0
2023-02-26 13:22:55,657 [WARN] PackLoader:242 - Cannot read IP mode file for STMicroelectronics.X-CUBE-ISPU.1.0.0
2023-02-26 13:22:55,657 [WARN] PackLoader:242 - Cannot read IP mode file for STMicroelectronics.X-CUBE-ISPU.1.1.0
2023-02-26 13:22:55,673 [WARN] PackLoader:242 - Cannot read IP mode file for RoweBots.I-CUBE-UNISONRTOS.5.5.0-4
2023-02-26 13:22:55,709 [WARN] PackLoader:242 - Cannot read IP mode file for STMicroelectronics.X-CUBE-AZRTOS-H7.2.1.0
2023-02-26 13:22:55,720 [WARN] PackLoader:242 - Cannot read IP mode file for wolfSSL.I-CUBE-wolfSSL.5.4.0
2023-02-26 13:22:55,720 [WARN] PackLoader:242 - Cannot read IP mode file for STMicroelectronics.X-CUBE-AI.8.0.0
2023-02-26 13:22:55,720 [WARN] PackLoader:242 - Cannot read IP mode file for STMicroelectronics.X-CUBE-TOUCHGFX.4.21.1
2023-02-26 13:22:55,744 [WARN] PackLoader:242 - Cannot read IP mode file for STMicroelectronics.X-CUBE-BLEMGR.1.0.0
2023-02-26 13:22:55,755 [WARN] PackLoader:242 - Cannot read IP mode file for STMicroelectronics.X-CUBE-ALGOBUILD.1.3.0
2023-02-26 13:22:55,768 [WARN] PackLoader:242 - Cannot read IP mode file for STMicroelectronics.X-CUBE-AZRTOS-L5.1.1.0
2023-02-26 13:22:55,789 [WARN] PackLoader:242 - Cannot read IP mode file for STMicroelectronics.X-CUBE-AZRTOS-G0.1.1.0
2023-02-26 13:22:55,800 [WARN] PackLoader:242 - Cannot read IP mode file for STMicroelectronics.X-CUBE-SUBG2.5.0.0
2023-02-26 13:22:55,812 [WARN] PackLoader:242 - Cannot read IP mode file for STMicroelectronics.X-CUBE-NFC4.3.0.0
2023-02-26 13:22:55,842 [WARN] PackLoader:242 - Cannot read IP mode file for SEGGER.I-CUBE-embOS.1.2.0
2023-02-26 13:22:55,864 [WARN] PackLoader:242 - Cannot read IP mode file for STMicroelectronics.FP-ATR-ASTRA1.1.1.1
2023-02-26 13:22:55,879 [WARN] PackLoader:242 - Cannot read IP mode file for STMicroelectronics.FP-ATR-ASTRA1.1.1.0
2023-02-26 13:22:55,879 [WARN] PackLoader:242 - Cannot read IP mode file for STMicroelectronics.X-CUBE-BLEMGR.1.3.0
2023-02-26 13:22:55,916 [WARN] PackLoader:242 - Cannot read IP mode file for STMicroelectronics.X-CUBE-AZRTOS-G4.1.0.0
2023-02-26 13:22:55,916 [WARN] PackLoader:242 - Cannot read IP mode file for STMicroelectronics.FP-ATR-SIGFOX1.3.2.0
2023-02-26 13:22:55,943 [WARN] PackLoader:242 - Cannot read IP mode file for STMicroelectronics.X-CUBE-AZRTOS-L4.1.0.0
2023-02-26 13:22:55,958 [WARN] PackLoader:242 - Cannot read IP mode file for emotas.I-CUBE-CANOPEN.1.1.2
2023-02-26 13:22:55,958 [WARN] PackLoader:242 - Cannot read IP mode file for STMicroelectronics.X-CUBE-TOUCHGFX.4.20.0
2023-02-26 13:22:55,983 [WARN] PackLoader:242 - Cannot read IP mode file for STMicroelectronics.X-CUBE-AZRTOS-WL.1.0.0
2023-02-26 13:22:55,995 [WARN] PackLoader:242 - Cannot read IP mode file for portGmbH.I-Cube-SoM-uGOAL.1.1.0
2023-02-26 13:22:56,007 [WARN] PackLoader:242 - Cannot read IP mode file for STMicroelectronics.X-CUBE-ALS.1.0.1
2023-02-26 13:22:56,022 [WARN] PackLoader:242 - Cannot read IP mode file for STMicroelectronics.X-CUBE-MEMS1.9.5.0
2023-02-26 13:22:56,110 [WARN] PackLoader:242 - Cannot read IP mode file for STMicroelectronics.X-CUBE-AZRTOS-WB.1.1.0
2023-02-26 13:22:56,116 [INFO] ApiDb:239 - Found 138 in-development CPN: [B-WB1M-WPAN1, NUCLEO-C031C6, STEVAL-STWINBX1, STM320518-EVAL, STM32C0116-DK, STM32C011D6Y3TR, STM32C011D6Y6TR, STM32C011F4P3, STM32C011F4P6, STM32C011F4U3, STM32C011F4U6TR, STM32C011F6P3, STM32C011F6P6, STM32C011F6U3, STM32C011F6U6TR, STM32C011J4M3, STM32C011J4M6, STM32C011J6M3, STM32C011J6M6, STM32C0316-DK, STM32C031C4T3, STM32C031C4T6, STM32C031C4U3, STM32C031C4U6, STM32C031C6T3, STM32C031C6T6, STM32C031C6U3, STM32C031C6U6, STM32C031F4P3, STM32C031F4P6, STM32C031F6P3, STM32C031F6P6, STM32C031G4U3, STM32C031G4U6, STM32C031G6U3, STM32C031G6U6, STM32C031K4T3, STM32C031K4T6, STM32C031K4U3, STM32C031K4U6, STM32C031K6T3, STM32C031K6T6, STM32C031K6U3, STM32C031K6U6, STM32G071K8TXN, STM32G071K8UXN, STM32G081GBU6N, STM32G081KBT6N, STM32G081KBUXN, STM32G0B1CCT6N, STM32G0B1KCT6, STM32G0B1NEY6TR, STM32G0B1RCT6N, STM32G0C1CCT6, STM32G0C1CCT6N, STM32G0C1CCU6N, STM32G0C1CET6N, STM32G0C1CEU6N, STM32G0C1KCT6, STM32G0C1NEY6TR, STM32G0C1RCI6N, STM32G0C1RCT6N, STM32G0C1REI6N, STM32G0C1RET6N, STM32G0C1VCI6, STM32G0C1VEI6, STM32G471CCT6, STM32G471CCU6, STM32G471CET3, STM32G471CET6, STM32G471CEU3, STM32G471CEU6, STM32G471MCT6, STM32G471MET3, STM32G471MET6, STM32G471MEY6TR, STM32G471QCT6, STM32G471QET3, STM32G471RCT6, STM32G471RET3, STM32G471RET6, STM32G471VCH6, STM32G471VCI6, STM32G471VCT6, STM32G471VEH3, STM32G471VEH6, STM32G471VEI3, STM32G471VEI6, STM32G471VET3, STM32G471VET6, STM32G474CCT6, STM32L476VGY6PTR, STM32L4R5QGI6STR, STM32MP131AAE3, STM32MP131AAF3, STM32MP131AAG3, STM32MP131CAE3, STM32MP131CAF3, STM32MP131CAG3, STM32MP131DAE7, STM32MP131DAF7, STM32MP131DAG7, STM32MP131FAE7, STM32MP131FAF7, STM32MP131FAG7, STM32MP133AAE3, STM32MP133AAF3, STM32MP133AAG3, STM32MP133CAE3, STM32MP133CAF3, STM32MP133CAG3, STM32MP133DAE7, STM32MP133DAF7, STM32MP133DAG7, STM32MP133FAE7, STM32MP133FAF7, STM32MP133FAG7, STM32MP135AAE3, STM32MP135AAF3, STM32MP135AAG3, STM32MP135CAE3, STM32MP135CAF3, STM32MP135CAG3, STM32MP135DAE7, STM32MP135DAF7, STM32MP135DAG7, STM32MP135F-DK, STM32MP135FAE7, STM32MP135FAF7, STM32MP135FAG7, STM32U595ZJT6Q, STM32U599BJY6QTR, STM32U599NIH6Q, STM32U599NJH6Q, STM32U5A5ZJT6Q, STM32U5A9BJY6QTR, STM32U5A9NJH6Q, STM32WB1MMCH6]
2023-02-26 13:22:56,116 [INFO] DbMcus:215 - Found 3580 MCUs, 3580 are supported
2023-02-26 13:22:56,116 [INFO] ApiDb:418 - Load user favorites file C:\Users\MAshr/.stm32cubeide/favorites.mcus.txt: 0 item(s)
2023-02-26 13:22:56,116 [INFO] ApiDb:422 - User favorites MCUs=[]
2023-02-26 13:22:56,116 [INFO] DbMcus:221 - Set 0 / 0 favorites MCUs
2023-02-26 13:22:56,116 [INFO] ApiDb:663 - CubeFinder database Data Model version=2.1
2023-02-26 13:22:56,116 [INFO] ApiDb:664 - CubeFinder database Configuration version=3.0.35
2023-02-26 13:22:56,116 [INFO] ApiDb:665 - CubeFinder database generation date=2023-02-02 (1675320190)
2023-02-26 13:22:56,116 [INFO] ApiDb:666 - CubeFinder database FW Pack versions=[FP-ATR-ASTRA1_V1.1.1, STM32Cube_FW_C0_V1.0.1, STM32Cube_FW_F4_V1.27.1, STM32Cube_FW_F7_V1.17.0, STM32Cube_FW_G0_V1.6.1, STM32Cube_FW_G4_V1.5.0, STM32Cube_FW_H5_V0.5.1, STM32Cube_FW_H7_V1.11.0, STM32Cube_FW_L5_V1.5.0, STM32Cube_FW_U5_V1.1.1, STM32Cube_FW_WBA_V0.2.0, STM32Cube_FW_WB_V1.15.0, STM32Cube_FW_WB_V1.15.0RC1, STM32Cube_FW_WL_V1.3.0, X-CUBE-ALGOBUILD_V1.3.0, X-CUBE-ALS_V1.0.1, X-CUBE-AZRTOS-F4_V1.1.0, X-CUBE-AZRTOS-F7_V1.1.0, X-CUBE-AZRTOS-G0_V1.1.0, X-CUBE-AZRTOS-G4_V1.0.0, X-CUBE-AZRTOS-H7_V3.0.0, X-CUBE-AZRTOS-L4_V1.0.0, X-CUBE-AZRTOS-L5_V1.1.0, X-CUBE-AZRTOS-WB_V1.1.0, X-CUBE-AZRTOS-WL_V1.0.0, X-CUBE-BLE1_V6.2.4, X-CUBE-BLE2_V3.3.0, X-CUBE-BLEMGR_V1.3.0, X-CUBE-EEPRMA1_V4.1.0, X-CUBE-GNSS1_V6.0.0, X-CUBE-MEMS1_V9.1.0, X-CUBE-MEMS1_V9.3.0, X-CUBE-MEMS1_V9.4.0, X-CUBE-NFC4_V3.0.0, X-CUBE-NFC7_V1.0.0, X-CUBE-SFXS2LP1_V4.0.0, X-CUBE-SUBG2_V5.0.0]
2023-02-26 13:22:56,116 [WARN] PackLoader:242 - Cannot read IP mode file for STMicroelectronics.X-CUBE-AZRTOS-L5.1.0.0
2023-02-26 13:22:56,131 [WARN] PackLoader:242 - Cannot read IP mode file for STMicroelectronics.X-CUBE-EEPRMA1.3.1.1
2023-02-26 13:22:56,131 [INFO] ThirdParty:929 - Integrity check success = true
2023-02-26 13:22:56,131 [INFO] IntegrityCheckThread:98 - exiting critical section [integrity check]
2023-02-26 13:22:56,131 [INFO] IntegrityCheckThread:101 - End integrity checks thread
2023-02-26 13:22:56,164 [INFO] DbBoardsSqlite:227 - include board P-NUCLEO-WB55-NUCLEO as a kit item of type 'Nucleo-64'
2023-02-26 13:22:56,164 [INFO] DbBoardsSqlite:227 - include board P-NUCLEO-WB55-USBDONGLE as a kit item of type 'Nucleo USB Dongle'
2023-02-26 13:22:56,164 [INFO] DbBoardsSqlite:227 - include board STEVAL-IDP005V1 as a kit item of type 'Evaluation Board'
2023-02-26 13:22:56,164 [INFO] DbBoardsSqlite:227 - include board STEVAL-IDP005V2 as a kit item of type 'Evaluation Board'
2023-02-26 13:22:56,194 [INFO] ApiDb:239 - Found 138 in-development CPN: [B-WB1M-WPAN1, NUCLEO-C031C6, STEVAL-STWINBX1, STM320518-EVAL, STM32C0116-DK, STM32C011D6Y3TR, STM32C011D6Y6TR, STM32C011F4P3, STM32C011F4P6, STM32C011F4U3, STM32C011F4U6TR, STM32C011F6P3, STM32C011F6P6, STM32C011F6U3, STM32C011F6U6TR, STM32C011J4M3, STM32C011J4M6, STM32C011J6M3, STM32C011J6M6, STM32C0316-DK, STM32C031C4T3, STM32C031C4T6, STM32C031C4U3, STM32C031C4U6, STM32C031C6T3, STM32C031C6T6, STM32C031C6U3, STM32C031C6U6, STM32C031F4P3, STM32C031F4P6, STM32C031F6P3, STM32C031F6P6, STM32C031G4U3, STM32C031G4U6, STM32C031G6U3, STM32C031G6U6, STM32C031K4T3, STM32C031K4T6, STM32C031K4U3, STM32C031K4U6, STM32C031K6T3, STM32C031K6T6, STM32C031K6U3, STM32C031K6U6, STM32G071K8TXN, STM32G071K8UXN, STM32G081GBU6N, STM32G081KBT6N, STM32G081KBUXN, STM32G0B1CCT6N, STM32G0B1KCT6, STM32G0B1NEY6TR, STM32G0B1RCT6N, STM32G0C1CCT6, STM32G0C1CCT6N, STM32G0C1CCU6N, STM32G0C1CET6N, STM32G0C1CEU6N, STM32G0C1KCT6, STM32G0C1NEY6TR, STM32G0C1RCI6N, STM32G0C1RCT6N, STM32G0C1REI6N, STM32G0C1RET6N, STM32G0C1VCI6, STM32G0C1VEI6, STM32G471CCT6, STM32G471CCU6, STM32G471CET3, STM32G471CET6, STM32G471CEU3, STM32G471CEU6, STM32G471MCT6, STM32G471MET3, STM32G471MET6, STM32G471MEY6TR, STM32G471QCT6, STM32G471QET3, STM32G471RCT6, STM32G471RET3, STM32G471RET6, STM32G471VCH6, STM32G471VCI6, STM32G471VCT6, STM32G471VEH3, STM32G471VEH6, STM32G471VEI3, STM32G471VEI6, STM32G471VET3, STM32G471VET6, STM32G474CCT6, STM32L476VGY6PTR, STM32L4R5QGI6STR, STM32MP131AAE3, STM32MP131AAF3, STM32MP131AAG3, STM32MP131CAE3, STM32MP131CAF3, STM32MP131CAG3, STM32MP131DAE7, STM32MP131DAF7, STM32MP131DAG7, STM32MP131FAE7, STM32MP131FAF7, STM32MP131FAG7, STM32MP133AAE3, STM32MP133AAF3, STM32MP133AAG3, STM32MP133CAE3, STM32MP133CAF3, STM32MP133CAG3, STM32MP133DAE7, STM32MP133DAF7, STM32MP133DAG7, STM32MP133FAE7, STM32MP133FAF7, STM32MP133FAG7, STM32MP135AAE3, STM32MP135AAF3, STM32MP135AAG3, STM32MP135CAE3, STM32MP135CAF3, STM32MP135CAG3, STM32MP135DAE7, STM32MP135DAF7, STM32MP135DAG7, STM32MP135F-DK, STM32MP135FAE7, STM32MP135FAF7, STM32MP135FAG7, STM32U595ZJT6Q, STM32U599BJY6QTR, STM32U599NIH6Q, STM32U599NJH6Q, STM32U5A5ZJT6Q, STM32U5A9BJY6QTR, STM32U5A9NJH6Q, STM32WB1MMCH6]
2023-02-26 13:22:56,274 [INFO] BoardInfo:879 - No configuration file found for board P-NUCLEO-WB55
2023-02-26 13:22:56,274 [INFO] DbBoards:156 - Kit is not supported: P-NUCLEO-WB55
2023-02-26 13:22:56,274 [INFO] BoardInfo:879 - No configuration file found for board STEVAL-BFA001V1B
2023-02-26 13:22:56,274 [INFO] DbBoards:156 - Kit is not supported: STEVAL-BFA001V1B
2023-02-26 13:22:56,274 [INFO] BoardInfo:879 - No configuration file found for board STEVAL-BFA001V2B
2023-02-26 13:22:56,274 [INFO] DbBoards:156 - Kit is not supported: STEVAL-BFA001V2B
2023-02-26 13:22:56,274 [INFO] BoardInfo:879 - No configuration file found for board STEVAL-PROTEUS1
2023-02-26 13:22:56,274 [INFO] DbBoards:156 - Board is not supported: STEVAL-PROTEUS1
2023-02-26 13:22:56,336 [INFO] DbBoards:160 - Found 178 boards, 174 are supported
2023-02-26 13:22:56,352 [INFO] ApiDb:418 - Load user favorites file C:\Users\MAshr/.stm32cubeide/favorites.boards.txt: 0 item(s)
2023-02-26 13:22:56,352 [INFO] ApiDb:422 - User favorites Boards=[]
2023-02-26 13:22:56,352 [INFO] DbBoards:189 - Set 0 / 0 favorites Boards
2023-02-26 13:22:56,352 [INFO] ApiDb:663 - CubeFinder database Data Model version=2.1
2023-02-26 13:22:56,352 [INFO] ApiDb:664 - CubeFinder database Configuration version=3.0.35
2023-02-26 13:22:56,352 [INFO] ApiDb:665 - CubeFinder database generation date=2023-02-02 (1675320190)
2023-02-26 13:22:56,352 [INFO] ApiDb:666 - CubeFinder database FW Pack versions=[FP-ATR-ASTRA1_V1.1.1, STM32Cube_FW_C0_V1.0.1, STM32Cube_FW_F4_V1.27.1, STM32Cube_FW_F7_V1.17.0, STM32Cube_FW_G0_V1.6.1, STM32Cube_FW_G4_V1.5.0, STM32Cube_FW_H5_V0.5.1, STM32Cube_FW_H7_V1.11.0, STM32Cube_FW_L5_V1.5.0, STM32Cube_FW_U5_V1.1.1, STM32Cube_FW_WBA_V0.2.0, STM32Cube_FW_WB_V1.15.0, STM32Cube_FW_WB_V1.15.0RC1, STM32Cube_FW_WL_V1.3.0, X-CUBE-ALGOBUILD_V1.3.0, X-CUBE-ALS_V1.0.1, X-CUBE-AZRTOS-F4_V1.1.0, X-CUBE-AZRTOS-F7_V1.1.0, X-CUBE-AZRTOS-G0_V1.1.0, X-CUBE-AZRTOS-G4_V1.0.0, X-CUBE-AZRTOS-H7_V3.0.0, X-CUBE-AZRTOS-L4_V1.0.0, X-CUBE-AZRTOS-L5_V1.1.0, X-CUBE-AZRTOS-WB_V1.1.0, X-CUBE-AZRTOS-WL_V1.0.0, X-CUBE-BLE1_V6.2.4, X-CUBE-BLE2_V3.3.0, X-CUBE-BLEMGR_V1.3.0, X-CUBE-EEPRMA1_V4.1.0, X-CUBE-GNSS1_V6.0.0, X-CUBE-MEMS1_V9.1.0, X-CUBE-MEMS1_V9.3.0, X-CUBE-MEMS1_V9.4.0, X-CUBE-NFC4_V3.0.0, X-CUBE-NFC7_V1.0.0, X-CUBE-SFXS2LP1_V4.0.0, X-CUBE-SUBG2_V5.0.0]
2023-02-26 13:22:56,810 [INFO] DbExamplesSqlite:374 - Ignored 32 examples not supported by CubeIDE
2023-02-26 13:22:56,810 [INFO] DbExamplesSqlite:375 - Found 6238 examples active
2023-02-26 13:22:56,810 [INFO] DbExamplesSqlite:376 - Found 276 examples obsolete
2023-02-26 13:22:56,810 [INFO] DbExamplesSqlite:377 - Found 0 examples under development
2023-02-26 13:22:56,810 [INFO] DbExamplesSqlite:378 - Found 76 examples not building
2023-02-26 13:22:56,810 [INFO] DbExamples:124 - Found 6282 examples
2023-02-26 13:22:56,825 [ERROR] DbExamples:207 - Found 14 examples with invalid data (board or MCU)
2023-02-26 13:22:56,825 [INFO] DbExamples:221 - Found 77 boards with related examples
2023-02-26 13:22:56,825 [INFO] DbExamples:234 - Found 64 MCUs with related examples
2023-02-26 13:22:56,841 [INFO] ApiDb:418 - Load user favorites file C:\Users\MAshr/.stm32cubeide/favorites.examples.txt: 0 item(s)
2023-02-26 13:22:56,841 [INFO] ApiDb:422 - User favorites Examples=[]
2023-02-26 13:22:56,841 [INFO] DbExamples:249 - Set 0 / 0 favorites Examples
2023-02-26 13:22:56,940 [INFO] McuFinderGlobals:57 - Set McuFinderConnectedMode to true
2023-02-26 13:22:56,951 [INFO] MultiScanPanel:195 - Auto-refresh data requested => check proxy status ongoing
2023-02-26 13:22:56,951 [INFO] FinderPluginLoader:92 - Searching for filters in installed packs
2023-02-26 13:22:57,810 [INFO] LoadUrlFilesThread:177 - End of LoadServerUrlFiles without Thread
2023-02-26 13:22:57,864 [INFO] DetailPanel:339 - Set advertising image to C:/Users/MAshr/STM32Cube/Repository/\en.prom-stm32u5-0223.jpg
2023-02-26 13:26:14,262 [INFO] McuFinderGlobals:57 - Set McuFinderConnectedMode to true
2023-02-26 13:26:14,262 [INFO] ApiDb:443 - Save user favorites file C:\Users\MAshr/.stm32cubeide/favorites.mcus.txt: 0 item(s)
2023-02-26 13:26:14,262 [INFO] ApiDb:447 - User favorites MCUs=[]
2023-02-26 13:27:18,783 [ERROR] LogOutputStream:74 - [STDERR_REDIRECT] 
